Mono path[0] = 'D:/SteamLibrary/steamapps/common/RimWorld/RimWorldWin64_Data/Managed'
Mono config path = 'D:/SteamLibrary/steamapps/common/RimWorld/MonoBleedingEdge/etc'
Initialize engine version: 2019.4.30f1 (e8c891080a1f)
[Subsystems] Discovering subsystems at path D:/SteamLibrary/steamapps/common/RimWorld/RimWorldWin64_Data/UnitySubsystems
GfxDevice: creating device client; threaded=1
Direct3D:
    Version:  Direct3D 11.0 [level 11.1]
    Renderer: AMD Radeon(TM) Graphics (ID=0x1636)
    Vendor:   
    VRAM:     7830 MB
    Driver:   30.0.13037.1003
Begin MonoManager ReloadAssembly
- Completed reload, in  0.164 seconds
<RI> Initializing input.
<RI> Input initialized.
D3D11 device created for Microsoft Media Foundation video decoding.
<RI> Initialized touch support.
UnloadTime: 0.669900 ms
Command line arguments: -popupwindow
RimWorld 1.4.3704 rev896
Mod Biotech <packageId> contains word "Ludeon", which is reserved for official content. 
(Filename: C:\buildslave\unity\build\Runtime/Export/Debug/Debug.bindings.h Line: 39)

Mod Ideology <packageId> contains word "Ludeon", which is reserved for official content. 
(Filename: C:\buildslave\unity\build\Runtime/Export/Debug/Debug.bindings.h Line: 39)

Mod Royalty <packageId> contains word "Ludeon", which is reserved for official content. 
(Filename: C:\buildslave\unity\build\Runtime/Export/Debug/Debug.bindings.h Line: 39)

Fallback handler could not load library D:/SteamLibrary/steamapps/common/RimWorld/RimWorldWin64_Data/Mono/data-000001D3F910FD90.dll
Fallback handler could not load library D:/SteamLibrary/steamapps/common/RimWorld/RimWorldWin64_Data/Mono/data-000001D3F8D57470.dll
Fallback handler could not load library D:/SteamLibrary/steamapps/common/RimWorld/RimWorldWin64_Data/Mono/data-000001D3F8FF8870.dll
Fallback handler could not load library D:/SteamLibrary/steamapps/common/RimWorld/RimWorldWin64_Data/Mono/data-000001D3FE520040.dll
Fallback handler could not load library D:/SteamLibrary/steamapps/common/RimWorld/RimWorldWin64_Data/Mono/data-000001D3F9306020.dll
Fallback handler could not load library D:/SteamLibrary/steamapps/common/RimWorld/RimWorldWin64_Data/Mono/data-000001D3FE8EBA40.dll
Fallback handler could not load library D:/SteamLibrary/steamapps/common/RimWorld/RimWorldWin64_Data/Mono/data-000001D3FEA21870.dll
Fallback handler could not load library D:/SteamLibrary/steamapps/common/RimWorld/RimWorldWin64_Data/Mono/data-000001D3F90EA030.dll
Fallback handler could not load library D:/SteamLibrary/steamapps/common/RimWorld/RimWorldWin64_Data/Mono/data-000001D3FEA87CC0.dll
Fallback handler could not load library D:/SteamLibrary/steamapps/common/RimWorld/RimWorldWin64_Data/Mono/data-000001D3FEA8CCD0.dll
Fallback handler could not load library D:/SteamLibrary/steamapps/common/RimWorld/RimWorldWin64_Data/Mono/data-000001D3FEA98700.dll
Fallback handler could not load library D:/SteamLibrary/steamapps/common/RimWorld/RimWorldWin64_Data/Mono/data-000001D3FEA9E920.dll
Fallback handler could not load library D:/SteamLibrary/steamapps/common/RimWorld/RimWorldWin64_Data/Mono/data-000001D3FEAC6340.dll
Fallback handler could not load library D:/SteamLibrary/steamapps/common/RimWorld/RimWorldWin64_Data/Mono/data-000001D3FEAF6750.dll
Fallback handler could not load library D:/SteamLibrary/steamapps/common/RimWorld/RimWorldWin64_Data/Mono/data-000001D3FEAF8160.dll
Fallback handler could not load library D:/SteamLibrary/steamapps/common/RimWorld/RimWorldWin64_Data/Mono/data-000001D3FEAFB970.dll
Fallback handler could not load library D:/SteamLibrary/steamapps/common/RimWorld/RimWorldWin64_Data/Mono/data-000001D3FEB61010.dll
Fallback handler could not load library D:/SteamLibrary/steamapps/common/RimWorld/RimWorldWin64_Data/Mono/data-000001D3FEB7BA20.dll
Fallback handler could not load library D:/SteamLibrary/steamapps/common/RimWorld/RimWorldWin64_Data/Mono/data-000001D3FEB7D830.dll
Fallback handler could not load library D:/SteamLibrary/steamapps/common/RimWorld/RimWorldWin64_Data/Mono/data-000001D3FEB82E50.dll
Fallback handler could not load library D:/SteamLibrary/steamapps/common/RimWorld/RimWorldWin64_Data/Mono/data-000001D3FEB88470.dll
Fallback handler could not load library D:/SteamLibrary/steamapps/common/RimWorld/RimWorldWin64_Data/Mono/data-000001D3FEBA3C90.dll
Fallback handler could not load library D:/SteamLibrary/steamapps/common/RimWorld/RimWorldWin64_Data/Mono/data-000001D3FEBB0AC0.dll
Fallback handler could not load library D:/SteamLibrary/steamapps/common/RimWorld/RimWorldWin64_Data/Mono/data-000001D3FECEB010.dll
Fallback handler could not load library D:/SteamLibrary/steamapps/common/RimWorld/RimWorldWin64_Data/Mono/data-000001D3FECEFC30.dll
Fallback handler could not load library D:/SteamLibrary/steamapps/common/RimWorld/RimWorldWin64_Data/Mono/data-000001D3FECC9AD0.dll
Fallback handler could not load library D:/SteamLibrary/steamapps/common/RimWorld/RimWorldWin64_Data/Mono/data-000001D3FECF9640.dll
Fallback handler could not load library D:/SteamLibrary/steamapps/common/RimWorld/RimWorldWin64_Data/Mono/data-000001D3FED53170.dll
Fallback handler could not load library D:/SteamLibrary/steamapps/common/RimWorld/RimWorldWin64_Data/Mono/data-000001D3FED70790.dll
Fallback handler could not load library D:/SteamLibrary/steamapps/common/RimWorld/RimWorldWin64_Data/Mono/data-000001D3FEE69830.dll
Fallback handler could not load library D:/SteamLibrary/steamapps/common/RimWorld/RimWorldWin64_Data/Mono/data-000001D3FEFFE030.dll
Fallback handler could not load library D:/SteamLibrary/steamapps/common/RimWorld/RimWorldWin64_Data/Mono/data-000001D3FF008E50.dll
Fallback handler could not load library D:/SteamLibrary/steamapps/common/RimWorld/RimWorldWin64_Data/Mono/data-000001D3FF050D90.dll
Fallback handler could not load library D:/SteamLibrary/steamapps/common/RimWorld/RimWorldWin64_Data/Mono/data-000001D3FF084BD0.dll
Fallback handler could not load library D:/SteamLibrary/steamapps/common/RimWorld/RimWorldWin64_Data/Mono/data-000001D3FF0889E0.dll
Fallback handler could not load library D:/SteamLibrary/steamapps/common/RimWorld/RimWorldWin64_Data/Mono/data-000001D3FF0A4200.dll
Fallback handler could not load library D:/SteamLibrary/steamapps/common/RimWorld/RimWorldWin64_Data/Mono/data-000001D3FF0B1410.dll
Fallback handler could not load library D:/SteamLibrary/steamapps/common/RimWorld/RimWorldWin64_Data/Mono/data-000001D3FF0B4430.dll
Fallback handler could not load library D:/SteamLibrary/steamapps/common/RimWorld/RimWorldWin64_Data/Mono/data-000001D3FF0CDE60.dll
Fallback handler could not load library D:/SteamLibrary/steamapps/common/RimWorld/RimWorldWin64_Data/Mono/data-000001D3FEF08340.dll
Fallback handler could not load library D:/SteamLibrary/steamapps/common/RimWorld/RimWorldWin64_Data/Mono/data-000001D3FF117DB0.dll
Fallback handler could not load library D:/SteamLibrary/steamapps/common/RimWorld/RimWorldWin64_Data/Mono/data-000001D3FF126DE0.dll
Fallback handler could not load library D:/SteamLibrary/steamapps/common/RimWorld/RimWorldWin64_Data/Mono/data-000001D3FF128FF0.dll
Fallback handler could not load library D:/SteamLibrary/steamapps/common/RimWorld/RimWorldWin64_Data/Mono/data-000001D3FF132E10.dll
Fallback handler could not load library D:/SteamLibrary/steamapps/common/RimWorld/RimWorldWin64_Data/Mono/data-000001D3FF156620.dll
Fallback handler could not load library D:/SteamLibrary/steamapps/common/RimWorld/RimWorldWin64_Data/Mono/data-000001D3F8FC10E0.dll
Fallback handler could not load library D:/SteamLibrary/steamapps/common/RimWorld/RimWorldWin64_Data/Mono/data-000001D3FF168830.dll
Fallback handler could not load library D:/SteamLibrary/steamapps/common/RimWorld/RimWorldWin64_Data/Mono/data-000001D3F8D59C90.dll
Fallback handler could not load library D:/SteamLibrary/steamapps/common/RimWorld/RimWorldWin64_Data/Mono/data-000001D3FF16E450.dll
Fallback handler could not load library D:/SteamLibrary/steamapps/common/RimWorld/RimWorldWin64_Data/Mono/data-000001D3FF17EE70.dll
Fallback handler could not load library D:/SteamLibrary/steamapps/common/RimWorld/RimWorldWin64_Data/Mono/data-000001D3FF18BA80.dll
Fallback handler could not load library D:/SteamLibrary/steamapps/common/RimWorld/RimWorldWin64_Data/Mono/data-000001D3FF272CA0.dll
Fallback handler could not load library D:/SteamLibrary/steamapps/common/RimWorld/RimWorldWin64_Data/Mono/data-000001D3FF2750B0.dll
Fallback handler could not load library D:/SteamLibrary/steamapps/common/RimWorld/RimWorldWin64_Data/Mono/data-000001D3FF2BC0E0.dll
Fallback handler could not load library D:/SteamLibrary/steamapps/common/RimWorld/RimWorldWin64_Data/Mono/data-000001D3FF30B010.dll
Fallback handler could not load library D:/SteamLibrary/steamapps/common/RimWorld/RimWorldWin64_Data/Mono/data-000001D3FF320030.dll
Fallback handler could not load library D:/SteamLibrary/steamapps/common/RimWorld/RimWorldWin64_Data/Mono/data-000001D3FF412770.dll
Fallback handler could not load library D:/SteamLibrary/steamapps/common/RimWorld/RimWorldWin64_Data/Mono/data-000001D3FF419B80.dll
Fallback handler could not load library D:/SteamLibrary/steamapps/common/RimWorld/RimWorldWin64_Data/Mono/data-000001D3FF50F7B0.dll
Fallback handler could not load library D:/SteamLibrary/steamapps/common/RimWorld/RimWorldWin64_Data/Mono/data-000001D3FF633F20.dll
Fallback handler could not load library D:/SteamLibrary/steamapps/common/RimWorld/RimWorldWin64_Data/Mono/data-000001D3FF73EA60.dll
Fallback handler could not load library D:/SteamLibrary/steamapps/common/RimWorld/RimWorldWin64_Data/Mono/data-000001D3FF750680.dll
Fallback handler could not load library D:/SteamLibrary/steamapps/common/RimWorld/RimWorldWin64_Data/Mono/data-000001D3FF7608B0.dll
Fallback handler could not load library D:/SteamLibrary/steamapps/common/RimWorld/RimWorldWin64_Data/Mono/data-000001D3FF7696C0.dll
Fallback handler could not load library D:/SteamLibrary/steamapps/common/RimWorld/RimWorldWin64_Data/Mono/data-000001D3FF7B5C10.dll
Fallback handler could not load library D:/SteamLibrary/steamapps/common/RimWorld/RimWorldWin64_Data/Mono/data-000001D2200105B0.dll
Fallback handler could not load library D:/SteamLibrary/steamapps/common/RimWorld/RimWorldWin64_Data/Mono/data-000001D3D324BAA0.dll
Fallback handler could not load library D:/SteamLibrary/steamapps/common/RimWorld/RimWorldWin64_Data/Mono/data-000001D3FF7D3E30.dll
Fallback handler could not load library D:/SteamLibrary/steamapps/common/RimWorld/RimWorldWin64_Data/Mono/data-000001D220043BE0.dll
Fallback handler could not load library D:/SteamLibrary/steamapps/common/RimWorld/RimWorldWin64_Data/Mono/data-000001D220071F10.dll
Fallback handler could not load library D:/SteamLibrary/steamapps/common/RimWorld/RimWorldWin64_Data/Mono/data-000001D2201A4C20.dll
Fallback handler could not load library D:/SteamLibrary/steamapps/common/RimWorld/RimWorldWin64_Data/Mono/data-000001D2201B1C30.dll
Fallback handler could not load library D:/SteamLibrary/steamapps/common/RimWorld/RimWorldWin64_Data/Mono/data-000001D3FF7D8040.dll
Fallback handler could not load library D:/SteamLibrary/steamapps/common/RimWorld/RimWorldWin64_Data/Mono/data-000001D2201C6A70.dll
Fallback handler could not load library D:/SteamLibrary/steamapps/common/RimWorld/RimWorldWin64_Data/Mono/data-000001D2201DCE80.dll
Fallback handler could not load library D:/SteamLibrary/steamapps/common/RimWorld/RimWorldWin64_Data/Mono/data-000001D2201E0290.dll
Fallback handler could not load library D:/SteamLibrary/steamapps/common/RimWorld/RimWorldWin64_Data/Mono/data-000001D2201E5EA0.dll
Fallback handler could not load library D:/SteamLibrary/steamapps/common/RimWorld/RimWorldWin64_Data/Mono/data-000001D220206AD0.dll
Fallback handler could not load library D:/SteamLibrary/steamapps/common/RimWorld/RimWorldWin64_Data/Mono/data-000001D3F8FAF870.dll
Fallback handler could not load library D:/SteamLibrary/steamapps/common/RimWorld/RimWorldWin64_Data/Mono/data-000001D2202CD120.dll
Fallback handler could not load library D:/SteamLibrary/steamapps/common/RimWorld/RimWorldWin64_Data/Mono/data-000001D220FD9040.dll
Fallback handler could not load library D:/SteamLibrary/steamapps/common/RimWorld/RimWorldWin64_Data/Mono/data-000001D3F91FBDC0.dll
Fallback handler could not load library D:/SteamLibrary/steamapps/common/RimWorld/RimWorldWin64_Data/Mono/data-000001D2207600C0.dll
[HugsLib] version 10.0.1
Setting up 6 worker threads for Enlighten.
  Thread -> id: 278 -> priority: 1 
  Thread -> id: 2908 -> priority: 1 
  Thread -> id: 2ddc -> priority: 1 
  Thread -> id: 2114 -> priority: 1 
  Thread -> id: 2e7c -> priority: 1 
  Thread -> id: 2c10 -> priority: 1 
Error while instantiating a mod of type VFECore.VFECore: System.Reflection.TargetInvocationException: Exception has been thrown by the target of an invocation. ---> System.Threading.ThreadAbortException
  at HarmonyLib.PatchClassProcessor.Patch () [0x0007f] in <255414689d344b1385ae719f6cce8c55>:0 
  at HarmonyLib.Harmony.<PatchAll>b__10_0 (System.Type type) [0x00007] in <255414689d344b1385ae719f6cce8c55>:0 
  at HarmonyLib.CollectionExtensions.Do[T] (System.Collections.Generic.IEnumerable`1[T] sequence, System.Action`1[T] action) [0x00014] in <255414689d344b1385ae719f6cce8c55>:0 
  at HarmonyLib.Harmony.PatchAll (System.Reflection.Assembly assembly) [0x00006] in <255414689d344b1385ae719f6cce8c55>:0 
  at HarmonyLib.Harmony.PatchAll () [0x0001b] in <255414689d344b1385ae719f6cce8c55>:0 
  at VFECore.VFECore..ctor (Verse.ModContentPack content) [0x00018] in <83e90fd3da81457a936e3ca9820a69ec>:0 
  at (wrapper managed-to-native) System.Reflection.MonoCMethod.InternalInvoke(System.Reflection.MonoCMethod,object,object[],System.Exception&)
  at System.Reflection.MonoCMethod.InternalInvoke (System.Object obj, System.Object[] parameters) [0x00002] in <eae584ce26bc40229c1b1aa476bfa589>:0 
   --- End of inner exception stack trace ---
  at System.Reflection.MonoCMethod.InternalInvoke (System.Object obj, System.Object[] parameters) [0x00014] in <eae584ce26bc40229c1b1aa476bfa589>:0 
  at System.Reflection.MonoCMethod.DoInvoke (System.Object obj, System.Reflection.BindingFlags invokeAttr, System.Reflection.Binder binder, System.Object[] parameters, System.Globalization.CultureInfo culture) [0x0007a] in <eae584ce26bc40229c1b1aa476bfa589>:0 
  at System.Reflection.MonoCMethod.Invoke (System.Reflection.BindingFlags invokeAttr, System.Reflection.Binder binder, System.Object[] parameters, System.Globalization.CultureInfo culture) [0x00000] in <eae584ce26bc40229c1b1aa476bfa589>:0 
  at System.RuntimeType.CreateInstanceImpl (System.Reflection.BindingFlags bindingAttr, System.Reflection.Binder binder, System.Object[] args, System.Globalization.CultureInfo culture, System.Object[] activationAttributes, System.Threading.StackCrawlMark& stackMark) [0x00213] in <eae584ce26bc40229c1b1aa476bfa589>:0 
  at System.Activator.CreateInstance (System.Type type, System.Reflection.BindingFlags bindingAttr, System.Reflection.Binder binder, System.Object[] args, System.Globalization.CultureInfo culture, System.Object[] activationAttributes) [0x00095] in <eae584ce26bc40229c1b1aa476bfa589>:0 
  at System.Activator.CreateInstance (System.Type type, System.Object[] args) [0x00000] in <eae584ce26bc40229c1b1aa476bfa589>:0 
  at Verse.LoadedModManager.CreateModClasses () [0x00076] in <95de19971c5d40878d8742747904cdcd>:0  
(Filename: C:\buildslave\unity\build\Runtime/Export/Debug/Debug.bindings.h Line: 39)

Caught exception while loading play data but there are active mods other than Core. Resetting mods config and trying again.
The exception was: System.Threading.ThreadAbortException
  at Verse.LoadedModManager.CreateModClasses () [0x000d0] in <95de19971c5d40878d8742747904cdcd>:0 
  at Verse.LoadedModManager.LoadAllActiveMods () [0x0004f] in <95de19971c5d40878d8742747904cdcd>:0 
  at Verse.PlayDataLoader.DoPlayLoad () [0x00026] in <95de19971c5d40878d8742747904cdcd>:0 
  at Verse.PlayDataLoader.LoadAllPlayData (System.Boolean recovering) [0x0001c] in <95de19971c5d40878d8742747904cdcd>:0  
(Filename: C:\buildslave\unity\build\Runtime/Export/Debug/Debug.bindings.h Line: 39)

